<?xml version="1.0" encoding="UTF-8" ?>
<testsuite tests="4" failures="0" name="controller.ControllerTest" time="0.157" errors="0" skipped="0">
  <properties>
[...]
</properties>
  <testcase classname="controller.ControllerTest" name="testInputFile" time="0.01"/>
  <testcase classname="controller.ControllerTest" name="testProcess1" time="0.07"/>
  <testcase classname="controller.ControllerTest" name="testProcess2" time="0.005"/>
  <testcase classname="controller.ControllerTest" name="testIOFile" time="0.003"/>
</testsuite>